The system is: Linux - 3.0.101-0.47.71-default - x86_64
Compiling the C compiler identification source file "CMakeCCompilerId.c" succeeded.
Compiler: /sw/sgi/mpt/mpt-2.06/bin/mpicc 
Build flags: 
Id flags: 

The output was:
0


Compilation of the C compiler identification source "CMakeCCompilerId.c" produced "a.out"

The C compiler identification is Intel, found in "/home/ntnu/jonvegar/TMA4280project/build/CMakeFiles/3.4.3/CompilerIdC/a.out"

Compiling the CXX compiler identification source file "CMakeCXXCompilerId.cpp" succeeded.
Compiler: /usr/bin/c++ 
Build flags: 
Id flags: 

The output was:
0


Compilation of the CXX compiler identification source "CMakeCXXCompilerId.cpp" produced "a.out"

The CXX compiler identification is GNU, found in "/home/ntnu/jonvegar/TMA4280project/build/CMakeFiles/3.4.3/CompilerIdCXX/a.out"

Determining if the C compiler works passed with the following output:
Change Dir: /home/ntnu/jonvegar/TMA4280project/build/CMakeFiles/CMakeTmp

Run Build Command:"/usr/bin/gmake" "cmTC_f193e/fast"
/usr/bin/gmake -f CMakeFiles/cmTC_f193e.dir/build.make CMakeFiles/cmTC_f193e.dir/build
gmake[1]: Entering directory `/home/ntnu/jonvegar/TMA4280project/build/CMakeFiles/CMakeTmp'
Building C object CMakeFiles/cmTC_f193e.dir/testCCompiler.c.o
/sw/sgi/mpt/mpt-2.06/bin/mpicc     -o CMakeFiles/cmTC_f193e.dir/testCCompiler.c.o   -c /home/ntnu/jonvegar/TMA4280project/build/CMakeFiles/CMakeTmp/testCCompiler.c
Linking C executable cmTC_f193e
/home/sw/sdev/Modules/cmake/cmake-3.4.3/bin/cmake -E cmake_link_script CMakeFiles/cmTC_f193e.dir/link.txt --verbose=1
/sw/sgi/mpt/mpt-2.06/bin/mpicc       CMakeFiles/cmTC_f193e.dir/testCCompiler.c.o  -o cmTC_f193e -rdynamic 
gmake[1]: Leaving directory `/home/ntnu/jonvegar/TMA4280project/build/CMakeFiles/CMakeTmp'


Detecting C compiler ABI info compiled with the following output:
Change Dir: /home/ntnu/jonvegar/TMA4280project/build/CMakeFiles/CMakeTmp

Run Build Command:"/usr/bin/gmake" "cmTC_af9dc/fast"
/usr/bin/gmake -f CMakeFiles/cmTC_af9dc.dir/build.make CMakeFiles/cmTC_af9dc.dir/build
gmake[1]: Entering directory `/home/ntnu/jonvegar/TMA4280project/build/CMakeFiles/CMakeTmp'
Building C object CMakeFiles/cmTC_af9dc.dir/CMakeCCompilerABI.c.o
/sw/sgi/mpt/mpt-2.06/bin/mpicc     -o CMakeFiles/cmTC_af9dc.dir/CMakeCCompilerABI.c.o   -c /home/sw/sdev/Modules/cmake/cmake-3.4.3/share/cmake-3.4/Modules/CMakeCCompilerABI.c
Linking C executable cmTC_af9dc
/home/sw/sdev/Modules/cmake/cmake-3.4.3/bin/cmake -E cmake_link_script CMakeFiles/cmTC_af9dc.dir/link.txt --verbose=1
/sw/sgi/mpt/mpt-2.06/bin/mpicc      -v CMakeFiles/cmTC_af9dc.dir/CMakeCCompilerABI.c.o  -o cmTC_af9dc -rdynamic  
Version 12.0.5
/home/sw/sdev/intel/composerxe-2011.5.220/composerxe-2011.5.220/bin/intel64/mcpcom    -mP1OPT_version=12.0-intel64 -mGLOB_diag_file=CMakeFiles/cmTC_af9dc.dir/CMakeCCompilerABI.c.diag -mP1OPT_print_version=FALSE -mCG_use_gas_got_workaround=F -mP2OPT_align_option_used=TRUE -mGLOB_gcc_version=430 "-mGLOB_options_string=-I/sw/sgi/mpt/mpt-2.06/include -L/sw/sgi/mpt/mpt-2.06/lib -lmpi -v -o cmTC_af9dc -rdynamic" -mGLOB_cxx_limited_range=FALSE -mGLOB_as_output_backup_file_name=/tmp/iccKTnKyMas_.s -mIPOPT_activate -mGLOB_machine_model=GLOB_MACHINE_MODEL_EFI2 -mGLOB_product_id_code=0x22001ef4 -mP3OPT_use_mspp_call_convention -mPGOPTI_value_profile_use=T -mP2OPT_il0_array_sections=TRUE -mP2OPT_hlo -mP2OPT_hpo_rtt_control=0 -mIPOPT_args_in_regs=0 -mGLOB_imf_mapping_library=/home/sw/sdev/intel/composerxe-2011.5.220/composerxe-2011.5.220/bin/intel64/libiml_attr.so -mIPOPT_link -mIPOPT_ipo_activate -mIPOPT_mo_activate -mIPOPT_source_files_list=/tmp/iccxFpvfJslis -mIPOPT_mo_global_data -mIPOPT_link_script_file=/tmp/iccYmWalKscript -mIPOPT_link_version=2.23.1 "-mIPOPT_cmdline_link="/usr/lib64/gcc/x86_64-suse-linux/4.3/../../../../lib64/crt1.o" "/usr/lib64/gcc/x86_64-suse-linux/4.3/../../../../lib64/crti.o" "/usr/lib64/gcc/x86_64-suse-linux/4.3/crtbegin.o" "-export-dynamic" "--eh-frame-hdr" "-dynamic-linker" "/lib64/ld-linux-x86-64.so.2" "-L/sw/sgi/mpt/mpt-2.06/lib" "-o" "cmTC_af9dc" "-L/sw/sdev/intel/composerxe-2011.5.220/composerxe-2011.5.220/compiler/lib/intel64" "-L/sw/sdev/intel/composerxe-2011.5.220/composerxe-2011.5.220/ipp/lib/intel64" "-L/sw/sdev/intel/composerxe-2011.5.220/composerxe-2011.5.220/compiler/lib/intel64" "-L/sw/sdev/intel/composerxe-2011.5.220/composerxe-2011.5.220/mkl/lib/intel64" "-L/sw/sdev/intel/composerxe-2011.5.220/composerxe-2011.5.220/tbb/lib/intel64/cc4.1.0_libc2.4_kernel2.6.16.21" "-L/sw/sgi/mpt/mpt-2.06/lib" "-L/home/sw/sdev/intel/composerxe-2011.5.220/composerxe-2011.5.220/compiler/lib/intel64" "-L/usr/lib64/gcc/x86_64-suse-linux/4.3" "-L/usr/lib64/gcc/x86_64-suse-linux/4.3/../../../../lib64" "-L/lib/../lib64" "-L/usr/lib/../lib64" "-L/sw/sdev/intel/composerxe-2011.5.220/composerxe-2011.5.220/compiler/lib/intel64" "-L/sw/sdev/intel/composerxe-2011.5.220/composerxe-2011.5.220/ipp/lib/intel64" "-L/sw/sdev/intel/composerxe-2011.5.220/composerxe-2011.5.220/mkl/lib/intel64" "-L/sw/sdev/intel/composerxe-2011.5.220/composerxe-2011.5.220/tbb/lib/intel64/cc4.1.0_libc2.4_kernel2.6.16.21" "-L/sw/sgi/mpt/mpt-2.06/lib" "-L/usr/lib64/gcc/x86_64-suse-linux/4.3/../../../../x86_64-suse-linux/lib" "-L/usr/lib64/gcc/x86_64-suse-linux/4.3/../../.." "-L/lib64" "-L/lib" "-L/usr/lib64" "-L/usr/lib" "-lmpi" "CMakeFiles/cmTC_af9dc.dir/CMakeCCompilerABI.c.o" "-Bstatic" "-limf" "-lsvml" "-Bdynamic" "-lm" "-Bstatic" "-lipgo" "-ldecimal" "--as-needed" "-Bdynamic" "-lcilkrts" "-lstdc++" "--no-as-needed" "-lgcc_s" "-lgcc" "-Bstatic" "-lirc" "-Bdynamic" "-lc" "-lgcc_s" "-lgcc" "-Bstatic" "-lirc_s" "-Bdynamic" "-ldl" "-lc" "/usr/lib64/gcc/x86_64-suse-linux/4.3/crtend.o" "/usr/lib64/gcc/x86_64-suse-linux/4.3/../../../../lib64/crtn.o"" -mIPOPT_il_in_obj -mIPOPT_ipo_activate_warn=FALSE -mIPOPT_obj_output_file_name=/tmp/ipo_iccJil6HC.o -mGLOB_linker_version=2.23.1 -mGLOB_long_size_64 -mGLOB_routine_pointer_size_64 -mP3OPT_asm_target=P3OPT_ASM_TARGET_GAS -mGLOB_obj_output_file=/tmp/ipo_iccJil6HC.o -mP1OPT_source_file_name=ipo_out.c CMakeFiles/cmTC_af9dc.dir/CMakeCCompilerABI.c.o -mIPOPT_object_files=/tmp/iccqoHANDolis -mIPOPT_assembly_files=/tmp/icc7La7SEalis -mIPOPT_generated_tempfiles=/tmp/icc6sBFYFelis -mIPOPT_embedded_object_base_name=/tmp/iccXHNf4Geobj -mIPOPT_cmdline_link_new_name=/tmp/iccQRJR9Hllis
ld    /usr/lib64/gcc/x86_64-suse-linux/4.3/../../../../lib64/crt1.o /usr/lib64/gcc/x86_64-suse-linux/4.3/../../../../lib64/crti.o /usr/lib64/gcc/x86_64-suse-linux/4.3/crtbegin.o -export-dynamic --eh-frame-hdr -dynamic-linker /lib64/ld-linux-x86-64.so.2 -L/sw/sgi/mpt/mpt-2.06/lib -o cmTC_af9dc -L/sw/sdev/intel/composerxe-2011.5.220/composerxe-2011.5.220/compiler/lib/intel64 -L/sw/sdev/intel/composerxe-2011.5.220/composerxe-2011.5.220/ipp/lib/intel64 -L/sw/sdev/intel/composerxe-2011.5.220/composerxe-2011.5.220/compiler/lib/intel64 -L/sw/sdev/intel/composerxe-2011.5.220/composerxe-2011.5.220/mkl/lib/intel64 -L/sw/sdev/intel/composerxe-2011.5.220/composerxe-2011.5.220/tbb/lib/intel64/cc4.1.0_libc2.4_kernel2.6.16.21 -L/sw/sgi/mpt/mpt-2.06/lib -L/home/sw/sdev/intel/composerxe-2011.5.220/composerxe-2011.5.220/compiler/lib/intel64 -L/usr/lib64/gcc/x86_64-suse-linux/4.3 -L/usr/lib64/gcc/x86_64-suse-linux/4.3/../../../../lib64 -L/lib/../lib64 -L/usr/lib/../lib64 -L/sw/sdev/intel/composerxe-2011.5.220/composerxe-2011.5.220/compiler/lib/intel64 -L/sw/sdev/intel/composerxe-2011.5.220/composerxe-2011.5.220/ipp/lib/intel64 -L/sw/sdev/intel/composerxe-2011.5.220/composerxe-2011.5.220/mkl/lib/intel64 -L/sw/sdev/intel/composerxe-2011.5.220/composerxe-2011.5.220/tbb/lib/intel64/cc4.1.0_libc2.4_kernel2.6.16.21 -L/sw/sgi/mpt/mpt-2.06/lib -L/usr/lib64/gcc/x86_64-suse-linux/4.3/../../../../x86_64-suse-linux/lib -L/usr/lib64/gcc/x86_64-suse-linux/4.3/../../.. -L/lib64 -L/lib -L/usr/lib64 -L/usr/lib -lmpi CMakeFiles/cmTC_af9dc.dir/CMakeCCompilerABI.c.o -Bstatic -limf -lsvml -Bdynamic -lm -Bstatic -lipgo -ldecimal --as-needed -Bdynamic -lcilkrts -lstdc++ --no-as-needed -lgcc_s -lgcc -Bstatic -lirc -Bdynamic -lc -lgcc_s -lgcc -Bstatic -lirc_s -Bdynamic -ldl -lc /usr/lib64/gcc/x86_64-suse-linux/4.3/crtend.o /usr/lib64/gcc/x86_64-suse-linux/4.3/../../../../lib64/crtn.o
rm /tmp/iccJ2q1xAlibgcc

rm /tmp/iccCPZDCBgnudirs

rm /tmp/iccqoHANDolis

rm /tmp/icc7La7SEalis

rm /tmp/icc6sBFYFelis

rm /tmp/iccQRJR9Hllis

rm /tmp/iccxFpvfJslis

rm /tmp/iccYmWalKscript

rm /tmp/ipo_iccJil6HC.o

rm /tmp/icc5tvSqLgas

rm /tmp/iccKTnKyMas_.s

rm /tmp/icczsNEGNldashv

rm /tmp/iccSSpcQOgnudirs

rm /tmp/iccVYHR0Pldashv

rm /tmp/iccMkh8cRarg

gmake[1]: Leaving directory `/home/ntnu/jonvegar/TMA4280project/build/CMakeFiles/CMakeTmp'


Parsed C implicit link information from above output:
  link line regex: [^( *|.*[/\])(ld|([^/\]+-)?ld|collect2)[^/\]*( |$)]
  ignore line: [Change Dir: /home/ntnu/jonvegar/TMA4280project/build/CMakeFiles/CMakeTmp]
  ignore line: []
  ignore line: [Run Build Command:"/usr/bin/gmake" "cmTC_af9dc/fast"]
  ignore line: [/usr/bin/gmake -f CMakeFiles/cmTC_af9dc.dir/build.make CMakeFiles/cmTC_af9dc.dir/build]
  ignore line: [gmake[1]: Entering directory `/home/ntnu/jonvegar/TMA4280project/build/CMakeFiles/CMakeTmp']
  ignore line: [Building C object CMakeFiles/cmTC_af9dc.dir/CMakeCCompilerABI.c.o]
  ignore line: [/sw/sgi/mpt/mpt-2.06/bin/mpicc     -o CMakeFiles/cmTC_af9dc.dir/CMakeCCompilerABI.c.o   -c /home/sw/sdev/Modules/cmake/cmake-3.4.3/share/cmake-3.4/Modules/CMakeCCompilerABI.c]
  ignore line: [Linking C executable cmTC_af9dc]
  ignore line: [/home/sw/sdev/Modules/cmake/cmake-3.4.3/bin/cmake -E cmake_link_script CMakeFiles/cmTC_af9dc.dir/link.txt --verbose=1]
  ignore line: [/sw/sgi/mpt/mpt-2.06/bin/mpicc      -v CMakeFiles/cmTC_af9dc.dir/CMakeCCompilerABI.c.o  -o cmTC_af9dc -rdynamic  ]
  ignore line: [Version 12.0.5]
  ignore line: [/home/sw/sdev/intel/composerxe-2011.5.220/composerxe-2011.5.220/bin/intel64/mcpcom    -mP1OPT_version=12.0-intel64 -mGLOB_diag_file=CMakeFiles/cmTC_af9dc.dir/CMakeCCompilerABI.c.diag -mP1OPT_print_version=FALSE -mCG_use_gas_got_workaround=F -mP2OPT_align_option_used=TRUE -mGLOB_gcc_version=430 "-mGLOB_options_string=-I/sw/sgi/mpt/mpt-2.06/include -L/sw/sgi/mpt/mpt-2.06/lib -lmpi -v -o cmTC_af9dc -rdynamic" -mGLOB_cxx_limited_range=FALSE -mGLOB_as_output_backup_file_name=/tmp/iccKTnKyMas_.s -mIPOPT_activate -mGLOB_machine_model=GLOB_MACHINE_MODEL_EFI2 -mGLOB_product_id_code=0x22001ef4 -mP3OPT_use_mspp_call_convention -mPGOPTI_value_profile_use=T -mP2OPT_il0_array_sections=TRUE -mP2OPT_hlo -mP2OPT_hpo_rtt_control=0 -mIPOPT_args_in_regs=0 -mGLOB_imf_mapping_library=/home/sw/sdev/intel/composerxe-2011.5.220/composerxe-2011.5.220/bin/intel64/libiml_attr.so -mIPOPT_link -mIPOPT_ipo_activate -mIPOPT_mo_activate -mIPOPT_source_files_list=/tmp/iccxFpvfJslis -mIPOPT_mo_global_data -mIPOPT_link_script_file=/tmp/iccYmWalKscript -mIPOPT_link_version=2.23.1 "-mIPOPT_cmdline_link="/usr/lib64/gcc/x86_64-suse-linux/4.3/../../../../lib64/crt1.o" "/usr/lib64/gcc/x86_64-suse-linux/4.3/../../../../lib64/crti.o" "/usr/lib64/gcc/x86_64-suse-linux/4.3/crtbegin.o" "-export-dynamic" "--eh-frame-hdr" "-dynamic-linker" "/lib64/ld-linux-x86-64.so.2" "-L/sw/sgi/mpt/mpt-2.06/lib" "-o" "cmTC_af9dc" "-L/sw/sdev/intel/composerxe-2011.5.220/composerxe-2011.5.220/compiler/lib/intel64" "-L/sw/sdev/intel/composerxe-2011.5.220/composerxe-2011.5.220/ipp/lib/intel64" "-L/sw/sdev/intel/composerxe-2011.5.220/composerxe-2011.5.220/compiler/lib/intel64" "-L/sw/sdev/intel/composerxe-2011.5.220/composerxe-2011.5.220/mkl/lib/intel64" "-L/sw/sdev/intel/composerxe-2011.5.220/composerxe-2011.5.220/tbb/lib/intel64/cc4.1.0_libc2.4_kernel2.6.16.21" "-L/sw/sgi/mpt/mpt-2.06/lib" "-L/home/sw/sdev/intel/composerxe-2011.5.220/composerxe-2011.5.220/compiler/lib/intel64" "-L/usr/lib64/gcc/x86_64-suse-linux/4.3" "-L/usr/lib64/gcc/x86_64-suse-linux/4.3/../../../../lib64" "-L/lib/../lib64" "-L/usr/lib/../lib64" "-L/sw/sdev/intel/composerxe-2011.5.220/composerxe-2011.5.220/compiler/lib/intel64" "-L/sw/sdev/intel/composerxe-2011.5.220/composerxe-2011.5.220/ipp/lib/intel64" "-L/sw/sdev/intel/composerxe-2011.5.220/composerxe-2011.5.220/mkl/lib/intel64" "-L/sw/sdev/intel/composerxe-2011.5.220/composerxe-2011.5.220/tbb/lib/intel64/cc4.1.0_libc2.4_kernel2.6.16.21" "-L/sw/sgi/mpt/mpt-2.06/lib" "-L/usr/lib64/gcc/x86_64-suse-linux/4.3/../../../../x86_64-suse-linux/lib" "-L/usr/lib64/gcc/x86_64-suse-linux/4.3/../../.." "-L/lib64" "-L/lib" "-L/usr/lib64" "-L/usr/lib" "-lmpi" "CMakeFiles/cmTC_af9dc.dir/CMakeCCompilerABI.c.o" "-Bstatic" "-limf" "-lsvml" "-Bdynamic" "-lm" "-Bstatic" "-lipgo" "-ldecimal" "--as-needed" "-Bdynamic" "-lcilkrts" "-lstdc++" "--no-as-needed" "-lgcc_s" "-lgcc" "-Bstatic" "-lirc" "-Bdynamic" "-lc" "-lgcc_s" "-lgcc" "-Bstatic" "-lirc_s" "-Bdynamic" "-ldl" "-lc" "/usr/lib64/gcc/x86_64-suse-linux/4.3/crtend.o" "/usr/lib64/gcc/x86_64-suse-linux/4.3/../../../../lib64/crtn.o"" -mIPOPT_il_in_obj -mIPOPT_ipo_activate_warn=FALSE -mIPOPT_obj_output_file_name=/tmp/ipo_iccJil6HC.o -mGLOB_linker_version=2.23.1 -mGLOB_long_size_64 -mGLOB_routine_pointer_size_64 -mP3OPT_asm_target=P3OPT_ASM_TARGET_GAS -mGLOB_obj_output_file=/tmp/ipo_iccJil6HC.o -mP1OPT_source_file_name=ipo_out.c CMakeFiles/cmTC_af9dc.dir/CMakeCCompilerABI.c.o -mIPOPT_object_files=/tmp/iccqoHANDolis -mIPOPT_assembly_files=/tmp/icc7La7SEalis -mIPOPT_generated_tempfiles=/tmp/icc6sBFYFelis -mIPOPT_embedded_object_base_name=/tmp/iccXHNf4Geobj -mIPOPT_cmdline_link_new_name=/tmp/iccQRJR9Hllis]
  link line: [ld    /usr/lib64/gcc/x86_64-suse-linux/4.3/../../../../lib64/crt1.o /usr/lib64/gcc/x86_64-suse-linux/4.3/../../../../lib64/crti.o /usr/lib64/gcc/x86_64-suse-linux/4.3/crtbegin.o -export-dynamic --eh-frame-hdr -dynamic-linker /lib64/ld-linux-x86-64.so.2 -L/sw/sgi/mpt/mpt-2.06/lib -o cmTC_af9dc -L/sw/sdev/intel/composerxe-2011.5.220/composerxe-2011.5.220/compiler/lib/intel64 -L/sw/sdev/intel/composerxe-2011.5.220/composerxe-2011.5.220/ipp/lib/intel64 -L/sw/sdev/intel/composerxe-2011.5.220/composerxe-2011.5.220/compiler/lib/intel64 -L/sw/sdev/intel/composerxe-2011.5.220/composerxe-2011.5.220/mkl/lib/intel64 -L/sw/sdev/intel/composerxe-2011.5.220/composerxe-2011.5.220/tbb/lib/intel64/cc4.1.0_libc2.4_kernel2.6.16.21 -L/sw/sgi/mpt/mpt-2.06/lib -L/home/sw/sdev/intel/composerxe-2011.5.220/composerxe-2011.5.220/compiler/lib/intel64 -L/usr/lib64/gcc/x86_64-suse-linux/4.3 -L/usr/lib64/gcc/x86_64-suse-linux/4.3/../../../../lib64 -L/lib/../lib64 -L/usr/lib/../lib64 -L/sw/sdev/intel/composerxe-2011.5.220/composerxe-2011.5.220/compiler/lib/intel64 -L/sw/sdev/intel/composerxe-2011.5.220/composerxe-2011.5.220/ipp/lib/intel64 -L/sw/sdev/intel/composerxe-2011.5.220/composerxe-2011.5.220/mkl/lib/intel64 -L/sw/sdev/intel/composerxe-2011.5.220/composerxe-2011.5.220/tbb/lib/intel64/cc4.1.0_libc2.4_kernel2.6.16.21 -L/sw/sgi/mpt/mpt-2.06/lib -L/usr/lib64/gcc/x86_64-suse-linux/4.3/../../../../x86_64-suse-linux/lib -L/usr/lib64/gcc/x86_64-suse-linux/4.3/../../.. -L/lib64 -L/lib -L/usr/lib64 -L/usr/lib -lmpi CMakeFiles/cmTC_af9dc.dir/CMakeCCompilerABI.c.o -Bstatic -limf -lsvml -Bdynamic -lm -Bstatic -lipgo -ldecimal --as-needed -Bdynamic -lcilkrts -lstdc++ --no-as-needed -lgcc_s -lgcc -Bstatic -lirc -Bdynamic -lc -lgcc_s -lgcc -Bstatic -lirc_s -Bdynamic -ldl -lc /usr/lib64/gcc/x86_64-suse-linux/4.3/crtend.o /usr/lib64/gcc/x86_64-suse-linux/4.3/../../../../lib64/crtn.o]
    arg [ld] ==> ignore
    arg [/usr/lib64/gcc/x86_64-suse-linux/4.3/../../../../lib64/crt1.o] ==> ignore
    arg [/usr/lib64/gcc/x86_64-suse-linux/4.3/../../../../lib64/crti.o] ==> ignore
    arg [/usr/lib64/gcc/x86_64-suse-linux/4.3/crtbegin.o] ==> ignore
    arg [-export-dynamic] ==> ignore
    arg [--eh-frame-hdr] ==> ignore
    arg [-dynamic-linker] ==> ignore
    arg [/lib64/ld-linux-x86-64.so.2] ==> ignore
    arg [-L/sw/sgi/mpt/mpt-2.06/lib] ==> dir [/sw/sgi/mpt/mpt-2.06/lib]
    arg [-o] ==> ignore
    arg [cmTC_af9dc] ==> ignore
    arg [-L/sw/sdev/intel/composerxe-2011.5.220/composerxe-2011.5.220/compiler/lib/intel64] ==> dir [/sw/sdev/intel/composerxe-2011.5.220/composerxe-2011.5.220/compiler/lib/intel64]
    arg [-L/sw/sdev/intel/composerxe-2011.5.220/composerxe-2011.5.220/ipp/lib/intel64] ==> dir [/sw/sdev/intel/composerxe-2011.5.220/composerxe-2011.5.220/ipp/lib/intel64]
    arg [-L/sw/sdev/intel/composerxe-2011.5.220/composerxe-2011.5.220/compiler/lib/intel64] ==> dir [/sw/sdev/intel/composerxe-2011.5.220/composerxe-2011.5.220/compiler/lib/intel64]
    arg [-L/sw/sdev/intel/composerxe-2011.5.220/composerxe-2011.5.220/mkl/lib/intel64] ==> dir [/sw/sdev/intel/composerxe-2011.5.220/composerxe-2011.5.220/mkl/lib/intel64]
    arg [-L/sw/sdev/intel/composerxe-2011.5.220/composerxe-2011.5.220/tbb/lib/intel64/cc4.1.0_libc2.4_kernel2.6.16.21] ==> dir [/sw/sdev/intel/composerxe-2011.5.220/composerxe-2011.5.220/tbb/lib/intel64/cc4.1.0_libc2.4_kernel2.6.16.21]
    arg [-L/sw/sgi/mpt/mpt-2.06/lib] ==> dir [/sw/sgi/mpt/mpt-2.06/lib]
    arg [-L/home/sw/sdev/intel/composerxe-2011.5.220/composerxe-2011.5.220/compiler/lib/intel64] ==> dir [/home/sw/sdev/intel/composerxe-2011.5.220/composerxe-2011.5.220/compiler/lib/intel64]
    arg [-L/usr/lib64/gcc/x86_64-suse-linux/4.3] ==> dir [/usr/lib64/gcc/x86_64-suse-linux/4.3]
    arg [-L/usr/lib64/gcc/x86_64-suse-linux/4.3/../../../../lib64] ==> dir [/usr/lib64/gcc/x86_64-suse-linux/4.3/../../../../lib64]
    arg [-L/lib/../lib64] ==> dir [/lib/../lib64]
    arg [-L/usr/lib/../lib64] ==> dir [/usr/lib/../lib64]
    arg [-L/sw/sdev/intel/composerxe-2011.5.220/composerxe-2011.5.220/compiler/lib/intel64] ==> dir [/sw/sdev/intel/composerxe-2011.5.220/composerxe-2011.5.220/compiler/lib/intel64]
    arg [-L/sw/sdev/intel/composerxe-2011.5.220/composerxe-2011.5.220/ipp/lib/intel64] ==> dir [/sw/sdev/intel/composerxe-2011.5.220/composerxe-2011.5.220/ipp/lib/intel64]
    arg [-L/sw/sdev/intel/composerxe-2011.5.220/composerxe-2011.5.220/mkl/lib/intel64] ==> dir [/sw/sdev/intel/composerxe-2011.5.220/composerxe-2011.5.220/mkl/lib/intel64]
    arg [-L/sw/sdev/intel/composerxe-2011.5.220/composerxe-2011.5.220/tbb/lib/intel64/cc4.1.0_libc2.4_kernel2.6.16.21] ==> dir [/sw/sdev/intel/composerxe-2011.5.220/composerxe-2011.5.220/tbb/lib/intel64/cc4.1.0_libc2.4_kernel2.6.16.21]
    arg [-L/sw/sgi/mpt/mpt-2.06/lib] ==> dir [/sw/sgi/mpt/mpt-2.06/lib]
    arg [-L/usr/lib64/gcc/x86_64-suse-linux/4.3/../../../../x86_64-suse-linux/lib] ==> dir [/usr/lib64/gcc/x86_64-suse-linux/4.3/../../../../x86_64-suse-linux/lib]
    arg [-L/usr/lib64/gcc/x86_64-suse-linux/4.3/../../..] ==> dir [/usr/lib64/gcc/x86_64-suse-linux/4.3/../../..]
    arg [-L/lib64] ==> dir [/lib64]
    arg [-L/lib] ==> dir [/lib]
    arg [-L/usr/lib64] ==> dir [/usr/lib64]
    arg [-L/usr/lib] ==> dir [/usr/lib]
    arg [-lmpi] ==> lib [mpi]
    arg [CMakeFiles/cmTC_af9dc.dir/CMakeCCompilerABI.c.o] ==> ignore
    arg [-Bstatic] ==> ignore
    arg [-limf] ==> lib [imf]
    arg [-lsvml] ==> lib [svml]
    arg [-Bdynamic] ==> ignore
    arg [-lm] ==> lib [m]
    arg [-Bstatic] ==> ignore
    arg [-lipgo] ==> lib [ipgo]
    arg [-ldecimal] ==> lib [decimal]
    arg [--as-needed] ==> ignore
    arg [-Bdynamic] ==> ignore
    arg [-lcilkrts] ==> lib [cilkrts]
    arg [-lstdc++] ==> lib [stdc++]
    arg [--no-as-needed] ==> ignore
    arg [-lgcc_s] ==> lib [gcc_s]
    arg [-lgcc] ==> lib [gcc]
    arg [-Bstatic] ==> ignore
    arg [-lirc] ==> lib [irc]
    arg [-Bdynamic] ==> ignore
    arg [-lc] ==> lib [c]
    arg [-lgcc_s] ==> lib [gcc_s]
    arg [-lgcc] ==> lib [gcc]
    arg [-Bstatic] ==> ignore
    arg [-lirc_s] ==> lib [irc_s]
    arg [-Bdynamic] ==> ignore
    arg [-ldl] ==> lib [dl]
    arg [-lc] ==> lib [c]
    arg [/usr/lib64/gcc/x86_64-suse-linux/4.3/crtend.o] ==> ignore
    arg [/usr/lib64/gcc/x86_64-suse-linux/4.3/../../../../lib64/crtn.o] ==> ignore
  remove lib [gcc_s]
  remove lib [gcc]
  remove lib [gcc_s]
  remove lib [gcc]
  collapse library dir [/sw/sgi/mpt/mpt-2.06/lib] ==> [/sw/sgi/mpt/mpt-2.06/lib]
  collapse library dir [/sw/sdev/intel/composerxe-2011.5.220/composerxe-2011.5.220/compiler/lib/intel64] ==> [/sw/sdev/intel/composerxe-2011.5.220/composerxe-2011.5.220/compiler/lib/intel64]
  collapse library dir [/sw/sdev/intel/composerxe-2011.5.220/composerxe-2011.5.220/ipp/lib/intel64] ==> [/sw/sdev/intel/composerxe-2011.5.220/composerxe-2011.5.220/ipp/lib/intel64]
  collapse library dir [/sw/sdev/intel/composerxe-2011.5.220/composerxe-2011.5.220/compiler/lib/intel64] ==> [/sw/sdev/intel/composerxe-2011.5.220/composerxe-2011.5.220/compiler/lib/intel64]
  collapse library dir [/sw/sdev/intel/composerxe-2011.5.220/composerxe-2011.5.220/mkl/lib/intel64] ==> [/sw/sdev/intel/composerxe-2011.5.220/composerxe-2011.5.220/mkl/lib/intel64]
  collapse library dir [/sw/sdev/intel/composerxe-2011.5.220/composerxe-2011.5.220/tbb/lib/intel64/cc4.1.0_libc2.4_kernel2.6.16.21] ==> [/sw/sdev/intel/composerxe-2011.5.220/composerxe-2011.5.220/tbb/lib/intel64/cc4.1.0_libc2.4_kernel2.6.16.21]
  collapse library dir [/sw/sgi/mpt/mpt-2.06/lib] ==> [/sw/sgi/mpt/mpt-2.06/lib]
  collapse library dir [/home/sw/sdev/intel/composerxe-2011.5.220/composerxe-2011.5.220/compiler/lib/intel64] ==> [/home/sw/sdev/intel/composerxe-2011.5.220/composerxe-2011.5.220/compiler/lib/intel64]
  collapse library dir [/usr/lib64/gcc/x86_64-suse-linux/4.3] ==> [/usr/lib64/gcc/x86_64-suse-linux/4.3]
  collapse library dir [/usr/lib64/gcc/x86_64-suse-linux/4.3/../../../../lib64] ==> [/usr/lib64]
  collapse library dir [/lib/../lib64] ==> [/lib64]
  collapse library dir [/usr/lib/../lib64] ==> [/usr/lib64]
  collapse library dir [/sw/sdev/intel/composerxe-2011.5.220/composerxe-2011.5.220/compiler/lib/intel64] ==> [/sw/sdev/intel/composerxe-2011.5.220/composerxe-2011.5.220/compiler/lib/intel64]
  collapse library dir [/sw/sdev/intel/composerxe-2011.5.220/composerxe-2011.5.220/ipp/lib/intel64] ==> [/sw/sdev/intel/composerxe-2011.5.220/composerxe-2011.5.220/ipp/lib/intel64]
  collapse library dir [/sw/sdev/intel/composerxe-2011.5.220/composerxe-2011.5.220/mkl/lib/intel64] ==> [/sw/sdev/intel/composerxe-2011.5.220/composerxe-2011.5.220/mkl/lib/intel64]
  collapse library dir [/sw/sdev/intel/composerxe-2011.5.220/composerxe-2011.5.220/tbb/lib/intel64/cc4.1.0_libc2.4_kernel2.6.16.21] ==> [/sw/sdev/intel/composerxe-2011.5.220/composerxe-2011.5.220/tbb/lib/intel64/cc4.1.0_libc2.4_kernel2.6.16.21]
  collapse library dir [/sw/sgi/mpt/mpt-2.06/lib] ==> [/sw/sgi/mpt/mpt-2.06/lib]
  collapse library dir [/usr/lib64/gcc/x86_64-suse-linux/4.3/../../../../x86_64-suse-linux/lib] ==> [/usr/x86_64-suse-linux/lib]
  collapse library dir [/usr/lib64/gcc/x86_64-suse-linux/4.3/../../..] ==> [/usr/lib64]
  collapse library dir [/lib64] ==> [/lib64]
  collapse library dir [/lib] ==> [/lib]
  collapse library dir [/usr/lib64] ==> [/usr/lib64]
  collapse library dir [/usr/lib] ==> [/usr/lib]
  implicit libs: [mpi;imf;svml;m;ipgo;decimal;cilkrts;stdc++;irc;c;irc_s;dl;c]
  implicit dirs: [/sw/sgi/mpt/mpt-2.06/lib;/sw/sdev/intel/composerxe-2011.5.220/composerxe-2011.5.220/compiler/lib/intel64;/sw/sdev/intel/composerxe-2011.5.220/composerxe-2011.5.220/ipp/lib/intel64;/sw/sdev/intel/composerxe-2011.5.220/composerxe-2011.5.220/mkl/lib/intel64;/sw/sdev/intel/composerxe-2011.5.220/composerxe-2011.5.220/tbb/lib/intel64/cc4.1.0_libc2.4_kernel2.6.16.21;/home/sw/sdev/intel/composerxe-2011.5.220/composerxe-2011.5.220/compiler/lib/intel64;/usr/lib64/gcc/x86_64-suse-linux/4.3;/usr/lib64;/lib64;/usr/x86_64-suse-linux/lib;/lib;/usr/lib]
  implicit fwks: []


Determining if the CXX compiler works passed with the following output:
Change Dir: /home/ntnu/jonvegar/TMA4280project/build/CMakeFiles/CMakeTmp

Run Build Command:"/usr/bin/gmake" "cmTC_d1ee8/fast"
/usr/bin/gmake -f CMakeFiles/cmTC_d1ee8.dir/build.make CMakeFiles/cmTC_d1ee8.dir/build
gmake[1]: Entering directory `/home/ntnu/jonvegar/TMA4280project/build/CMakeFiles/CMakeTmp'
Building CXX object CMakeFiles/cmTC_d1ee8.dir/testCXXCompiler.cxx.o
/usr/bin/c++      -o CMakeFiles/cmTC_d1ee8.dir/testCXXCompiler.cxx.o -c /home/ntnu/jonvegar/TMA4280project/build/CMakeFiles/CMakeTmp/testCXXCompiler.cxx
Linking CXX executable cmTC_d1ee8
/home/sw/sdev/Modules/cmake/cmake-3.4.3/bin/cmake -E cmake_link_script CMakeFiles/cmTC_d1ee8.dir/link.txt --verbose=1
/usr/bin/c++        CMakeFiles/cmTC_d1ee8.dir/testCXXCompiler.cxx.o  -o cmTC_d1ee8 -rdynamic 
gmake[1]: Leaving directory `/home/ntnu/jonvegar/TMA4280project/build/CMakeFiles/CMakeTmp'


Detecting CXX compiler ABI info compiled with the following output:
Change Dir: /home/ntnu/jonvegar/TMA4280project/build/CMakeFiles/CMakeTmp

Run Build Command:"/usr/bin/gmake" "cmTC_2ba73/fast"
/usr/bin/gmake -f CMakeFiles/cmTC_2ba73.dir/build.make CMakeFiles/cmTC_2ba73.dir/build
gmake[1]: Entering directory `/home/ntnu/jonvegar/TMA4280project/build/CMakeFiles/CMakeTmp'
Building CXX object CMakeFiles/cmTC_2ba73.dir/CMakeCXXCompilerABI.cpp.o
/usr/bin/c++      -o CMakeFiles/cmTC_2ba73.dir/CMakeCXXCompilerABI.cpp.o -c /home/sw/sdev/Modules/cmake/cmake-3.4.3/share/cmake-3.4/Modules/CMakeCXXCompilerABI.cpp
Linking CXX executable cmTC_2ba73
/home/sw/sdev/Modules/cmake/cmake-3.4.3/bin/cmake -E cmake_link_script CMakeFiles/cmTC_2ba73.dir/link.txt --verbose=1
/usr/bin/c++       -v CMakeFiles/cmTC_2ba73.dir/CMakeCXXCompilerABI.cpp.o  -o cmTC_2ba73 -rdynamic  
Using built-in specs.
Target: x86_64-suse-linux
Configured with: ../configure --prefix=/usr --infodir=/usr/share/info --mandir=/usr/share/man --libdir=/usr/lib64 --libexecdir=/usr/lib64 --enable-languages=c,c++,objc,fortran,obj-c++,java,ada --enable-checking=release --with-gxx-include-dir=/usr/include/c++/4.3 --enable-ssp --disable-libssp --with-bugurl=http://bugs.opensuse.org/ --with-pkgversion='SUSE Linux' --disable-libgcj --disable-libmudflap --with-slibdir=/lib64 --with-system-zlib --enable-__cxa_atexit --enable-libstdcxx-allocator=new --disable-libstdcxx-pch --enable-version-specific-runtime-libs --program-suffix=-4.3 --enable-linux-futex --without-system-libunwind --with-cpu=generic --build=x86_64-suse-linux
Thread model: posix
gcc version 4.3.4 [gcc-4_3-branch revision 152973] (SUSE Linux) 
COMPILER_PATH=/usr/lib64/gcc/x86_64-suse-linux/4.3/:/usr/lib64/gcc/x86_64-suse-linux/4.3/:/usr/lib64/gcc/x86_64-suse-linux/:/usr/lib64/gcc/x86_64-suse-linux/4.3/:/usr/lib64/gcc/x86_64-suse-linux/:/usr/lib64/gcc/x86_64-suse-linux/4.3/../../../../x86_64-suse-linux/bin/
LIBRARY_PATH=/usr/lib64/gcc/x86_64-suse-linux/4.3/:/usr/lib64/gcc/x86_64-suse-linux/4.3/../../../../lib64/:/lib/../lib64/:/usr/lib/../lib64/:/sw/sdev/intel/composerxe-2011.5.220/composerxe-2011.5.220/compiler/lib/intel64/:/sw/sdev/intel/composerxe-2011.5.220/composerxe-2011.5.220/ipp/lib/intel64/:/sw/sdev/intel/composerxe-2011.5.220/composerxe-2011.5.220/compiler/lib/intel64/:/sw/sdev/intel/composerxe-2011.5.220/composerxe-2011.5.220/mkl/lib/intel64/:/sw/sdev/intel/composerxe-2011.5.220/composerxe-2011.5.220/tbb/lib/intel64/cc4.1.0_libc2.4_kernel2.6.16.21/:/sw/sgi/mpt/mpt-2.06/lib/:/usr/lib64/gcc/x86_64-suse-linux/4.3/../../../../x86_64-suse-linux/lib/:/usr/lib64/gcc/x86_64-suse-linux/4.3/../../../:/lib/:/usr/lib/
COLLECT_GCC_OPTIONS='-v' '-o' 'cmTC_2ba73' '-rdynamic' '-shared-libgcc' '-mtune=generic'
 /usr/lib64/gcc/x86_64-suse-linux/4.3/collect2 --build-id --eh-frame-hdr -m elf_x86_64 -export-dynamic -dynamic-linker /lib64/ld-linux-x86-64.so.2 -o cmTC_2ba73 /usr/lib64/gcc/x86_64-suse-linux/4.3/../../../../lib64/crt1.o /usr/lib64/gcc/x86_64-suse-linux/4.3/../../../../lib64/crti.o /usr/lib64/gcc/x86_64-suse-linux/4.3/crtbegin.o -L/usr/lib64/gcc/x86_64-suse-linux/4.3 -L/usr/lib64/gcc/x86_64-suse-linux/4.3/../../../../lib64 -L/lib/../lib64 -L/usr/lib/../lib64 -L/sw/sdev/intel/composerxe-2011.5.220/composerxe-2011.5.220/compiler/lib/intel64 -L/sw/sdev/intel/composerxe-2011.5.220/composerxe-2011.5.220/ipp/lib/intel64 -L/sw/sdev/intel/composerxe-2011.5.220/composerxe-2011.5.220/compiler/lib/intel64 -L/sw/sdev/intel/composerxe-2011.5.220/composerxe-2011.5.220/mkl/lib/intel64 -L/sw/sdev/intel/composerxe-2011.5.220/composerxe-2011.5.220/tbb/lib/intel64/cc4.1.0_libc2.4_kernel2.6.16.21 -L/sw/sgi/mpt/mpt-2.06/lib -L/usr/lib64/gcc/x86_64-suse-linux/4.3/../../../../x86_64-suse-linux/lib -L/usr/lib64/gcc/x86_64-suse-linux/4.3/../../.. CMakeFiles/cmTC_2ba73.dir/CMakeCXXCompilerABI.cpp.o -lstdc++ -lm -lgcc_s -lgcc -lc -lgcc_s -lgcc /usr/lib64/gcc/x86_64-suse-linux/4.3/crtend.o /usr/lib64/gcc/x86_64-suse-linux/4.3/../../../../lib64/crtn.o
gmake[1]: Leaving directory `/home/ntnu/jonvegar/TMA4280project/build/CMakeFiles/CMakeTmp'


Parsed CXX implicit link information from above output:
  link line regex: [^( *|.*[/\])(ld|([^/\]+-)?ld|collect2)[^/\]*( |$)]
  ignore line: [Change Dir: /home/ntnu/jonvegar/TMA4280project/build/CMakeFiles/CMakeTmp]
  ignore line: []
  ignore line: [Run Build Command:"/usr/bin/gmake" "cmTC_2ba73/fast"]
  ignore line: [/usr/bin/gmake -f CMakeFiles/cmTC_2ba73.dir/build.make CMakeFiles/cmTC_2ba73.dir/build]
  ignore line: [gmake[1]: Entering directory `/home/ntnu/jonvegar/TMA4280project/build/CMakeFiles/CMakeTmp']
  ignore line: [Building CXX object CMakeFiles/cmTC_2ba73.dir/CMakeCXXCompilerABI.cpp.o]
  ignore line: [/usr/bin/c++      -o CMakeFiles/cmTC_2ba73.dir/CMakeCXXCompilerABI.cpp.o -c /home/sw/sdev/Modules/cmake/cmake-3.4.3/share/cmake-3.4/Modules/CMakeCXXCompilerABI.cpp]
  ignore line: [Linking CXX executable cmTC_2ba73]
  ignore line: [/home/sw/sdev/Modules/cmake/cmake-3.4.3/bin/cmake -E cmake_link_script CMakeFiles/cmTC_2ba73.dir/link.txt --verbose=1]
  ignore line: [/usr/bin/c++       -v CMakeFiles/cmTC_2ba73.dir/CMakeCXXCompilerABI.cpp.o  -o cmTC_2ba73 -rdynamic  ]
  ignore line: [Using built-in specs.]
  ignore line: [Target: x86_64-suse-linux]
  ignore line: [Configured with: ../configure --prefix=/usr --infodir=/usr/share/info --mandir=/usr/share/man --libdir=/usr/lib64 --libexecdir=/usr/lib64 --enable-languages=c,c++,objc,fortran,obj-c++,java,ada --enable-checking=release --with-gxx-include-dir=/usr/include/c++/4.3 --enable-ssp --disable-libssp --with-bugurl=http://bugs.opensuse.org/ --with-pkgversion='SUSE Linux' --disable-libgcj --disable-libmudflap --with-slibdir=/lib64 --with-system-zlib --enable-__cxa_atexit --enable-libstdcxx-allocator=new --disable-libstdcxx-pch --enable-version-specific-runtime-libs --program-suffix=-4.3 --enable-linux-futex --without-system-libunwind --with-cpu=generic --build=x86_64-suse-linux]
  ignore line: [Thread model: posix]
  ignore line: [gcc version 4.3.4 [gcc-4_3-branch revision 152973] (SUSE Linux) ]
  ignore line: [COMPILER_PATH=/usr/lib64/gcc/x86_64-suse-linux/4.3/:/usr/lib64/gcc/x86_64-suse-linux/4.3/:/usr/lib64/gcc/x86_64-suse-linux/:/usr/lib64/gcc/x86_64-suse-linux/4.3/:/usr/lib64/gcc/x86_64-suse-linux/:/usr/lib64/gcc/x86_64-suse-linux/4.3/../../../../x86_64-suse-linux/bin/]
  ignore line: [LIBRARY_PATH=/usr/lib64/gcc/x86_64-suse-linux/4.3/:/usr/lib64/gcc/x86_64-suse-linux/4.3/../../../../lib64/:/lib/../lib64/:/usr/lib/../lib64/:/sw/sdev/intel/composerxe-2011.5.220/composerxe-2011.5.220/compiler/lib/intel64/:/sw/sdev/intel/composerxe-2011.5.220/composerxe-2011.5.220/ipp/lib/intel64/:/sw/sdev/intel/composerxe-2011.5.220/composerxe-2011.5.220/compiler/lib/intel64/:/sw/sdev/intel/composerxe-2011.5.220/composerxe-2011.5.220/mkl/lib/intel64/:/sw/sdev/intel/composerxe-2011.5.220/composerxe-2011.5.220/tbb/lib/intel64/cc4.1.0_libc2.4_kernel2.6.16.21/:/sw/sgi/mpt/mpt-2.06/lib/:/usr/lib64/gcc/x86_64-suse-linux/4.3/../../../../x86_64-suse-linux/lib/:/usr/lib64/gcc/x86_64-suse-linux/4.3/../../../:/lib/:/usr/lib/]
  ignore line: [COLLECT_GCC_OPTIONS='-v' '-o' 'cmTC_2ba73' '-rdynamic' '-shared-libgcc' '-mtune=generic']
  link line: [ /usr/lib64/gcc/x86_64-suse-linux/4.3/collect2 --build-id --eh-frame-hdr -m elf_x86_64 -export-dynamic -dynamic-linker /lib64/ld-linux-x86-64.so.2 -o cmTC_2ba73 /usr/lib64/gcc/x86_64-suse-linux/4.3/../../../../lib64/crt1.o /usr/lib64/gcc/x86_64-suse-linux/4.3/../../../../lib64/crti.o /usr/lib64/gcc/x86_64-suse-linux/4.3/crtbegin.o -L/usr/lib64/gcc/x86_64-suse-linux/4.3 -L/usr/lib64/gcc/x86_64-suse-linux/4.3/../../../../lib64 -L/lib/../lib64 -L/usr/lib/../lib64 -L/sw/sdev/intel/composerxe-2011.5.220/composerxe-2011.5.220/compiler/lib/intel64 -L/sw/sdev/intel/composerxe-2011.5.220/composerxe-2011.5.220/ipp/lib/intel64 -L/sw/sdev/intel/composerxe-2011.5.220/composerxe-2011.5.220/compiler/lib/intel64 -L/sw/sdev/intel/composerxe-2011.5.220/composerxe-2011.5.220/mkl/lib/intel64 -L/sw/sdev/intel/composerxe-2011.5.220/composerxe-2011.5.220/tbb/lib/intel64/cc4.1.0_libc2.4_kernel2.6.16.21 -L/sw/sgi/mpt/mpt-2.06/lib -L/usr/lib64/gcc/x86_64-suse-linux/4.3/../../../../x86_64-suse-linux/lib -L/usr/lib64/gcc/x86_64-suse-linux/4.3/../../.. CMakeFiles/cmTC_2ba73.dir/CMakeCXXCompilerABI.cpp.o -lstdc++ -lm -lgcc_s -lgcc -lc -lgcc_s -lgcc /usr/lib64/gcc/x86_64-suse-linux/4.3/crtend.o /usr/lib64/gcc/x86_64-suse-linux/4.3/../../../../lib64/crtn.o]
    arg [/usr/lib64/gcc/x86_64-suse-linux/4.3/collect2] ==> ignore
    arg [--build-id] ==> ignore
    arg [--eh-frame-hdr] ==> ignore
    arg [-m] ==> ignore
    arg [elf_x86_64] ==> ignore
    arg [-export-dynamic] ==> ignore
    arg [-dynamic-linker] ==> ignore
    arg [/lib64/ld-linux-x86-64.so.2] ==> ignore
    arg [-o] ==> ignore
    arg [cmTC_2ba73] ==> ignore
    arg [/usr/lib64/gcc/x86_64-suse-linux/4.3/../../../../lib64/crt1.o] ==> ignore
    arg [/usr/lib64/gcc/x86_64-suse-linux/4.3/../../../../lib64/crti.o] ==> ignore
    arg [/usr/lib64/gcc/x86_64-suse-linux/4.3/crtbegin.o] ==> ignore
    arg [-L/usr/lib64/gcc/x86_64-suse-linux/4.3] ==> dir [/usr/lib64/gcc/x86_64-suse-linux/4.3]
    arg [-L/usr/lib64/gcc/x86_64-suse-linux/4.3/../../../../lib64] ==> dir [/usr/lib64/gcc/x86_64-suse-linux/4.3/../../../../lib64]
    arg [-L/lib/../lib64] ==> dir [/lib/../lib64]
    arg [-L/usr/lib/../lib64] ==> dir [/usr/lib/../lib64]
    arg [-L/sw/sdev/intel/composerxe-2011.5.220/composerxe-2011.5.220/compiler/lib/intel64] ==> dir [/sw/sdev/intel/composerxe-2011.5.220/composerxe-2011.5.220/compiler/lib/intel64]
    arg [-L/sw/sdev/intel/composerxe-2011.5.220/composerxe-2011.5.220/ipp/lib/intel64] ==> dir [/sw/sdev/intel/composerxe-2011.5.220/composerxe-2011.5.220/ipp/lib/intel64]
    arg [-L/sw/sdev/intel/composerxe-2011.5.220/composerxe-2011.5.220/compiler/lib/intel64] ==> dir [/sw/sdev/intel/composerxe-2011.5.220/composerxe-2011.5.220/compiler/lib/intel64]
    arg [-L/sw/sdev/intel/composerxe-2011.5.220/composerxe-2011.5.220/mkl/lib/intel64] ==> dir [/sw/sdev/intel/composerxe-2011.5.220/composerxe-2011.5.220/mkl/lib/intel64]
    arg [-L/sw/sdev/intel/composerxe-2011.5.220/composerxe-2011.5.220/tbb/lib/intel64/cc4.1.0_libc2.4_kernel2.6.16.21] ==> dir [/sw/sdev/intel/composerxe-2011.5.220/composerxe-2011.5.220/tbb/lib/intel64/cc4.1.0_libc2.4_kernel2.6.16.21]
    arg [-L/sw/sgi/mpt/mpt-2.06/lib] ==> dir [/sw/sgi/mpt/mpt-2.06/lib]
    arg [-L/usr/lib64/gcc/x86_64-suse-linux/4.3/../../../../x86_64-suse-linux/lib] ==> dir [/usr/lib64/gcc/x86_64-suse-linux/4.3/../../../../x86_64-suse-linux/lib]
    arg [-L/usr/lib64/gcc/x86_64-suse-linux/4.3/../../..] ==> dir [/usr/lib64/gcc/x86_64-suse-linux/4.3/../../..]
    arg [CMakeFiles/cmTC_2ba73.dir/CMakeCXXCompilerABI.cpp.o] ==> ignore
    arg [-lstdc++] ==> lib [stdc++]
    arg [-lm] ==> lib [m]
    arg [-lgcc_s] ==> lib [gcc_s]
    arg [-lgcc] ==> lib [gcc]
    arg [-lc] ==> lib [c]
    arg [-lgcc_s] ==> lib [gcc_s]
    arg [-lgcc] ==> lib [gcc]
    arg [/usr/lib64/gcc/x86_64-suse-linux/4.3/crtend.o] ==> ignore
    arg [/usr/lib64/gcc/x86_64-suse-linux/4.3/../../../../lib64/crtn.o] ==> ignore
  remove lib [gcc_s]
  remove lib [gcc]
  remove lib [gcc_s]
  remove lib [gcc]
  collapse library dir [/usr/lib64/gcc/x86_64-suse-linux/4.3] ==> [/usr/lib64/gcc/x86_64-suse-linux/4.3]
  collapse library dir [/usr/lib64/gcc/x86_64-suse-linux/4.3/../../../../lib64] ==> [/usr/lib64]
  collapse library dir [/lib/../lib64] ==> [/lib64]
  collapse library dir [/usr/lib/../lib64] ==> [/usr/lib64]
  collapse library dir [/sw/sdev/intel/composerxe-2011.5.220/composerxe-2011.5.220/compiler/lib/intel64] ==> [/sw/sdev/intel/composerxe-2011.5.220/composerxe-2011.5.220/compiler/lib/intel64]
  collapse library dir [/sw/sdev/intel/composerxe-2011.5.220/composerxe-2011.5.220/ipp/lib/intel64] ==> [/sw/sdev/intel/composerxe-2011.5.220/composerxe-2011.5.220/ipp/lib/intel64]
  collapse library dir [/sw/sdev/intel/composerxe-2011.5.220/composerxe-2011.5.220/compiler/lib/intel64] ==> [/sw/sdev/intel/composerxe-2011.5.220/composerxe-2011.5.220/compiler/lib/intel64]
  collapse library dir [/sw/sdev/intel/composerxe-2011.5.220/composerxe-2011.5.220/mkl/lib/intel64] ==> [/sw/sdev/intel/composerxe-2011.5.220/composerxe-2011.5.220/mkl/lib/intel64]
  collapse library dir [/sw/sdev/intel/composerxe-2011.5.220/composerxe-2011.5.220/tbb/lib/intel64/cc4.1.0_libc2.4_kernel2.6.16.21] ==> [/sw/sdev/intel/composerxe-2011.5.220/composerxe-2011.5.220/tbb/lib/intel64/cc4.1.0_libc2.4_kernel2.6.16.21]
  collapse library dir [/sw/sgi/mpt/mpt-2.06/lib] ==> [/sw/sgi/mpt/mpt-2.06/lib]
  collapse library dir [/usr/lib64/gcc/x86_64-suse-linux/4.3/../../../../x86_64-suse-linux/lib] ==> [/usr/x86_64-suse-linux/lib]
  collapse library dir [/usr/lib64/gcc/x86_64-suse-linux/4.3/../../..] ==> [/usr/lib64]
  implicit libs: [stdc++;m;c]
  implicit dirs: [/usr/lib64/gcc/x86_64-suse-linux/4.3;/usr/lib64;/lib64;/sw/sdev/intel/composerxe-2011.5.220/composerxe-2011.5.220/compiler/lib/intel64;/sw/sdev/intel/composerxe-2011.5.220/composerxe-2011.5.220/ipp/lib/intel64;/sw/sdev/intel/composerxe-2011.5.220/composerxe-2011.5.220/mkl/lib/intel64;/sw/sdev/intel/composerxe-2011.5.220/composerxe-2011.5.220/tbb/lib/intel64/cc4.1.0_libc2.4_kernel2.6.16.21;/sw/sgi/mpt/mpt-2.06/lib;/usr/x86_64-suse-linux/lib]
  implicit fwks: []


Performing C SOURCE FILE Test OpenMP_FLAG_DETECTED succeded with the following output:
Change Dir: /home/ntnu/jonvegar/TMA4280project/build/CMakeFiles/CMakeTmp

Run Build Command:"/usr/bin/gmake" "cmTC_3489b/fast"
/usr/bin/gmake -f CMakeFiles/cmTC_3489b.dir/build.make CMakeFiles/cmTC_3489b.dir/build
gmake[1]: Entering directory `/home/ntnu/jonvegar/TMA4280project/build/CMakeFiles/CMakeTmp'
Building C object CMakeFiles/cmTC_3489b.dir/src.c.o
/sw/sgi/mpt/mpt-2.06/bin/mpicc    -DOpenMP_FLAG_DETECTED -openmp   -o CMakeFiles/cmTC_3489b.dir/src.c.o   -c /home/ntnu/jonvegar/TMA4280project/build/CMakeFiles/CMakeTmp/src.c
Linking C executable cmTC_3489b
/home/sw/sdev/Modules/cmake/cmake-3.4.3/bin/cmake -E cmake_link_script CMakeFiles/cmTC_3489b.dir/link.txt --verbose=1
/sw/sgi/mpt/mpt-2.06/bin/mpicc   -DOpenMP_FLAG_DETECTED -openmp    CMakeFiles/cmTC_3489b.dir/src.c.o  -o cmTC_3489b -rdynamic 
gmake[1]: Leaving directory `/home/ntnu/jonvegar/TMA4280project/build/CMakeFiles/CMakeTmp'

Source file was:

#include <omp.h>
int main() {
#ifdef _OPENMP
  return 0;
#else
  breaks_on_purpose
#endif
}

Performing C++ SOURCE FILE Test OpenMP_FLAG_DETECTED succeded with the following output:
Change Dir: /home/ntnu/jonvegar/TMA4280project/build/CMakeFiles/CMakeTmp

Run Build Command:"/usr/bin/gmake" "cmTC_14696/fast"
/usr/bin/gmake -f CMakeFiles/cmTC_14696.dir/build.make CMakeFiles/cmTC_14696.dir/build
gmake[1]: Entering directory `/home/ntnu/jonvegar/TMA4280project/build/CMakeFiles/CMakeTmp'
Building CXX object CMakeFiles/cmTC_14696.dir/src.cxx.o
/usr/bin/c++     -DOpenMP_FLAG_DETECTED -fopenmp   -o CMakeFiles/cmTC_14696.dir/src.cxx.o -c /home/ntnu/jonvegar/TMA4280project/build/CMakeFiles/CMakeTmp/src.cxx
Linking CXX executable cmTC_14696
/home/sw/sdev/Modules/cmake/cmake-3.4.3/bin/cmake -E cmake_link_script CMakeFiles/cmTC_14696.dir/link.txt --verbose=1
/usr/bin/c++    -DOpenMP_FLAG_DETECTED -fopenmp    CMakeFiles/cmTC_14696.dir/src.cxx.o  -o cmTC_14696 -rdynamic 
gmake[1]: Leaving directory `/home/ntnu/jonvegar/TMA4280project/build/CMakeFiles/CMakeTmp'

Source file was:

#include <omp.h>
int main() {
#ifdef _OPENMP
  return 0;
#else
  breaks_on_purpose
#endif
}

